Determining if the pthread_create exist failed with the following output:
Change Dir: /home/dnc/okvis/build/ceres/src/ceres_external-build/CMakeFiles/CMakeTmp

Run Build Command:/usr/bin/make "cmTryCompileExec3069107508/fast"
make[3]: 正在进入目录 `/home/dnc/okvis/build/ceres/src/ceres_external-build/CMakeFiles/CMakeTmp'
/usr/bin/make -f CMakeFiles/cmTryCompileExec3069107508.dir/build.make CMakeFiles/cmTryCompileExec3069107508.dir/build
make[4]: 正在进入目录 `/home/dnc/okvis/build/ceres/src/ceres_external-build/CMakeFiles/CMakeTmp'
/usr/bin/cmake -E cmake_progress_report /home/dnc/okvis/build/ceres/src/ceres_external-build/CMakeFiles/CMakeTmp/CMakeFiles 1
Building C object CMakeFiles/cmTryCompileExec3069107508.dir/CheckSymbolExists.c.o
/usr/bin/cc    -o CMakeFiles/cmTryCompileExec3069107508.dir/CheckSymbolExists.c.o   -c /home/dnc/okvis/build/ceres/src/ceres_external-build/CMakeFiles/CMakeTmp/CheckSymbolExists.c
Linking C executable cmTryCompileExec3069107508
/usr/bin/cmake -E cmake_link_script CMakeFiles/cmTryCompileExec3069107508.dir/link.txt --verbose=1
/usr/bin/cc       CMakeFiles/cmTryCompileExec3069107508.dir/CheckSymbolExists.c.o  -o cmTryCompileExec3069107508 -rdynamic 
CMakeFiles/cmTryCompileExec3069107508.dir/CheckSymbolExists.c.o：在函数‘main’中：
CheckSymbolExists.c:(.text+0x16)：对‘pthread_create’未定义的引用
collect2: error: ld returned 1 exit status
make[4]:正在离开目录 `/home/dnc/okvis/build/ceres/src/ceres_external-build/CMakeFiles/CMakeTmp'
make[4]: *** [cmTryCompileExec3069107508] 错误 1
make[3]:正在离开目录 `/home/dnc/okvis/build/ceres/src/ceres_external-build/CMakeFiles/CMakeTmp'
make[3]: *** [cmTryCompileExec3069107508/fast] 错误 2

File /home/dnc/okvis/build/ceres/src/ceres_external-build/CMakeFiles/CMakeTmp/CheckSymbolExists.c:
/* */
#include <pthread.h>

int main(int argc, char** argv)
{
  (void)argv;
#ifndef pthread_create
  return ((int*)(&pthread_create))[argc];
#else
  (void)argc;
  return 0;
#endif
}

Determining if the function pthread_create exists in the pthreads failed with the following output:
Change Dir: /home/dnc/okvis/build/ceres/src/ceres_external-build/CMakeFiles/CMakeTmp

Run Build Command:/usr/bin/make "cmTryCompileExec197097991/fast"
make[3]: 正在进入目录 `/home/dnc/okvis/build/ceres/src/ceres_external-build/CMakeFiles/CMakeTmp'
/usr/bin/make -f CMakeFiles/cmTryCompileExec197097991.dir/build.make CMakeFiles/cmTryCompileExec197097991.dir/build
make[4]: 正在进入目录 `/home/dnc/okvis/build/ceres/src/ceres_external-build/CMakeFiles/CMakeTmp'
/usr/bin/cmake -E cmake_progress_report /home/dnc/okvis/build/ceres/src/ceres_external-build/CMakeFiles/CMakeTmp/CMakeFiles 1
Building C object CMakeFiles/cmTryCompileExec197097991.dir/CheckFunctionExists.c.o
/usr/bin/cc   -DCHECK_FUNCTION_EXISTS=pthread_create   -o CMakeFiles/cmTryCompileExec197097991.dir/CheckFunctionExists.c.o   -c /usr/share/cmake-2.8/Modules/CheckFunctionExists.c
Linking C executable cmTryCompileExec197097991
/usr/bin/cmake -E cmake_link_script CMakeFiles/cmTryCompileExec197097991.dir/link.txt --verbose=1
/usr/bin/cc   -DCHECK_FUNCTION_EXISTS=pthread_create    CMakeFiles/cmTryCompileExec197097991.dir/CheckFunctionExists.c.o  -o cmTryCompileExec197097991 -rdynamic -lpthreads 
/usr/bin/ld: 找不到 -lpthreads
collect2: error: ld returned 1 exit status
make[4]:正在离开目录 `/home/dnc/okvis/build/ceres/src/ceres_external-build/CMakeFiles/CMakeTmp'
make[4]: *** [cmTryCompileExec197097991] 错误 1
make[3]: *** [cmTryCompileExec197097991/fast] 错误 2
make[3]:正在离开目录 `/home/dnc/okvis/build/ceres/src/ceres_external-build/CMakeFiles/CMakeTmp'


